<?xml version="1.0" encoding="UTF-8"?>
<!-- Generated by org.testng.reporters.JUnitReportReporter -->
<testsuite skipped="0" hostname="God" name="DemoJenkins.DemoJenkinsJob" tests="1" failures="0" timestamp="14 Jan 2018 04:59:59 GMT" time="0.006" errors="0">
  <testcase name="testJenkins" time="0.006" classname="DemoJenkins.DemoJenkinsJob"/>
</testsuite> <!-- DemoJenkins.DemoJenkinsJob -->
